{"C:\\Users\\Bora\\Desktop\\JestApp\\src\\calculator.js": {"path":"C:\\Users\\Bora\\Desktop\\JestApp\\src\\calculator.js","statementMap":{"0":{"start":{"line":1,"column":19},"end":{"line":17,"column":5}},"1":{"start":{"line":3,"column":4},"end":{"line":3,"column":17}},"2":{"start":{"line":6,"column":4},"end":{"line":6,"column":17}},"3":{"start":{"line":9,"column":4},"end":{"line":9,"column":17}},"4":{"start":{"line":12,"column":8},"end":{"line":14,"column":9}},"5":{"start":{"line":13,"column":12},"end":{"line":13,"column":52}},"6":{"start":{"line":15,"column":4},"end":{"line":15,"column":17}},"7":{"start":{"line":18,"column":4},"end":{"line":18,"column":31}}},"fnMap":{"0":{"name":"(anonymous_0)","decl":{"start":{"line":2,"column":9},"end":{"line":2,"column":10}},"loc":{"start":{"line":2,"column":23},"end":{"line":4,"column":5}},"line":2},"1":{"name":"(anonymous_1)","decl":{"start":{"line":5,"column":10},"end":{"line":5,"column":11}},"loc":{"start":{"line":5,"column":24},"end":{"line":7,"column":5}},"line":5},"2":{"name":"(anonymous_2)","decl":{"start":{"line":8,"column":13},"end":{"line":8,"column":14}},"loc":{"start":{"line":8,"column":27},"end":{"line":10,"column":5}},"line":8},"3":{"name":"(anonymous_3)","decl":{"start":{"line":11,"column":12},"end":{"line":11,"column":13}},"loc":{"start":{"line":11,"column":26},"end":{"line":16,"column":5}},"line":11}},"branchMap":{"0":{"loc":{"start":{"line":12,"column":8},"end":{"line":14,"column":9}},"type":"if","locations":[{"start":{"line":12,"column":8},"end":{"line":14,"column":9}},{"start":{},"end":{}}],"line":12}},"s":{"0":3,"1":10,"2":5,"3":8,"4":7,"5":1,"6":6,"7":3},"f":{"0":10,"1":5,"2":8,"3":7},"b":{"0":[1,6]},"_coverageSchema":"1a1c01bbd47fc00a2c39e90264f33305004495a9","hash":"ef53f7126398f25b71b2f0fb9ce20e3a952983f5"}
,"C:\\Users\\Bora\\Desktop\\JestApp\\src\\length.js": {"path":"C:\\Users\\Bora\\Desktop\\JestApp\\src\\length.js","statementMap":{"0":{"start":{"line":1,"column":15},"end":{"line":8,"column":3}},"1":{"start":{"line":3,"column":6},"end":{"line":3,"column":25}},"2":{"start":{"line":6,"column":6},"end":{"line":6,"column":24}},"3":{"start":{"line":10,"column":2},"end":{"line":10,"column":26}}},"fnMap":{"0":{"name":"(anonymous_0)","decl":{"start":{"line":2,"column":17},"end":{"line":2,"column":18}},"loc":{"start":{"line":2,"column":38},"end":{"line":4,"column":5}},"line":2},"1":{"name":"(anonymous_1)","decl":{"start":{"line":5,"column":12},"end":{"line":5,"column":13}},"loc":{"start":{"line":5,"column":26},"end":{"line":7,"column":5}},"line":5}},"branchMap":{},"s":{"0":1,"1":1,"2":1,"3":1},"f":{"0":1,"1":1},"b":{},"_coverageSchema":"1a1c01bbd47fc00a2c39e90264f33305004495a9","hash":"0dfddaa353d9b1f06b74305221227d9b82617788"}
}
