TN:
SF:src\calculator.js
FN:2,(anonymous_0)
FN:5,(anonymous_1)
FN:8,(anonymous_2)
FN:11,(anonymous_3)
FNF:4
FNH:4
FNDA:10,(anonymous_0)
FNDA:5,(anonymous_1)
FNDA:8,(anonymous_2)
FNDA:7,(anonymous_3)
DA:1,3
DA:3,10
DA:6,5
DA:9,8
DA:12,7
DA:13,1
DA:15,6
DA:18,3
LF:8
LH:8
BRDA:12,0,0,1
BRDA:12,0,1,6
BRF:2
BRH:2
end_of_record
TN:
SF:src\length.js
FN:2,(anonymous_0)
FN:5,(anonymous_1)
FNF:2
FNH:2
FNDA:1,(anonymous_0)
FNDA:1,(anonymous_1)
DA:1,1
DA:3,1
DA:6,1
DA:10,1
LF:4
LH:4
BRF:0
BRH:0
end_of_record
